Using pre-set license
Built from '2020.3/release' branch; Version is '2020.3.7f1 (dd97f2c94397) revision 14522354'; Using compiler version '192528614'; Build Type 'Release'
OS: 'Windows 10 Home; OS build 19042.1110; Version 2009; 64bit' Language: 'uk' Physical Memory: 8053 MB
BatchMode: 1, IsHumanControllingUs: 0, StartBugReporterOnCrash: 0, Is64bit: 1, IsPro: 0

 COMMAND LINE ARGUMENTS:
C:\Program Files\Unity\Hub\Editor\2020.3.7f1\Editor\Unity.exe
-adb2
-batchMode
-noUpm
-name
AssetImportWorker1
-projectPath
D:/Uniti/Crosses and zeros
-logFile
Logs/AssetImportWorker1.log
-srvPort
59930
Successfully changed project path to: D:/Uniti/Crosses and zeros
D:/Uniti/Crosses and zeros
Using Asset Import Pipeline V2.
Refreshing native plugins compatible for Editor in 72.73 ms, found 0 plugins.
Preloading 0 native plugins for Editor in 0.00 ms.
Initialize engine version: 2020.3.7f1 (dd97f2c94397)
[Subsystems] Discovering subsystems at path C:/Program Files/Unity/Hub/Editor/2020.3.7f1/Editor/Data/Resources/UnitySubsystems
[Subsystems] Discovering subsystems at path D:/Uniti/Crosses and zeros/Assets
GfxDevice: creating device client; threaded=0
Direct3D:
    Version:  Direct3D 11.0 [level 11.1]
    Renderer: Intel(R) HD Graphics 520 (ID=0x1916)
    Vendor:   
    VRAM:     4026 MB
    Driver:   27.20.100.8681
Initialize mono
Mono path[0] = 'C:/Program Files/Unity/Hub/Editor/2020.3.7f1/Editor/Data/Managed'
Mono path[1] = 'C:/Program Files/Unity/Hub/Editor/2020.3.7f1/Editor/Data/MonoBleedingEdge/lib/mono/unityjit'
Mono config path = 'C:/Program Files/Unity/Hub/Editor/2020.3.7f1/Editor/Data/MonoBleedingEdge/etc'
Using monoOptions --debugger-agent=transport=dt_socket,embedding=1,server=y,suspend=n,address=127.0.0.1:56888
Begin MonoManager ReloadAssembly
Registering precompiled unity dll's ...
Register platform support module: C:/Program Files/Unity/Hub/Editor/2020.3.7f1/Editor/Data/PlaybackEngines/WebGLSupport/UnityEditor.WebGL.Extensions.dll
Register platform support module: C:/Program Files/Unity/Hub/Editor/2020.3.7f1/Editor/Data/PlaybackEngines/WindowsStandaloneSupport/UnityEditor.WindowsStandalone.Extensions.dll
Registered in 0.007261 seconds.
Native extension for WindowsStandalone target not found
Native extension for WebGL target not found
Refreshing native plugins compatible for Editor in 54.03 ms, found 0 plugins.
Preloading 0 native plugins for Editor in 0.00 ms.
Mono: successfully reloaded assembly
- Completed reload, in  7.648 seconds
Platform modules already initialized, skipping
Registering precompiled user dll's ...
Registered in 0.000946 seconds.
Begin MonoManager ReloadAssembly
Native extension for WindowsStandalone target not found
Native extension for WebGL target not found
Refreshing native plugins compatible for Editor in 0.30 ms, found 0 plugins.
Preloading 0 native plugins for Editor in 0.00 ms.
Mono: successfully reloaded assembly
- Completed reload, in  2.115 seconds
Platform modules already initialized, skipping
========================================================================
Worker process is ready to serve import requests
Launched and connected shader compiler UnityShaderCompiler.exe after 0.28 seconds
Refreshing native plugins compatible for Editor in 0.23 ms, found 0 plugins.
Preloading 0 native plugins for Editor in 0.00 ms.
Unloading 1120 Unused Serialized files (Serialized files now loaded: 0)
System memory in use before: 57.4 MB.
System memory in use after: 57.4 MB.

Unloading 10 unused Assets to reduce memory usage. Loaded Objects now: 1563.
Total: 3.635200 ms (FindLiveObjects: 0.350800 ms CreateObjectMapping: 0.141800 ms MarkObjects: 2.986700 ms  DeleteObjects: 0.153500 ms)

========================================================================
Received Import Request.
  path: Assets/Scripts/Interface.cs
  artifactKey: Guid(bddcaffaefdfb7f4e96c1abade57f9c9) Importer(815301076,1909f56bfc062723c751e8b465ee728b)
Start importing Assets/Scripts/Interface.cs using Guid(bddcaffaefdfb7f4e96c1abade57f9c9) Importer(815301076,1909f56bfc062723c751e8b465ee728b)  -> (artifact id: 'f111dec5176021eff7b35e6fdb846e33') in 0.146991 seconds
  Import took 0.164402 seconds .

========================================================================
Received Prepare
Refreshing native plugins compatible for Editor in 1.55 ms, found 0 plugins.
Preloading 0 native plugins for Editor in 0.00 ms.
Unloading 3 Unused Serialized files (Serialized files now loaded: 0)
System memory in use before: 35.1 MB.
System memory in use after: 35.2 MB.

Unloading 3 unused Assets to reduce memory usage. Loaded Objects now: 1563.
Total: 4.002100 ms (FindLiveObjects: 0.203700 ms CreateObjectMapping: 0.073300 ms MarkObjects: 3.645300 ms  DeleteObjects: 0.077300 ms)

========================================================================
Received Import Request.
  Time since last request: 53.005199 seconds.
  path: Assets/Scripts/Menu.cs
  artifactKey: Guid(bddcaffaefdfb7f4e96c1abade57f9c9) Importer(815301076,1909f56bfc062723c751e8b465ee728b)
Start importing Assets/Scripts/Menu.cs using Guid(bddcaffaefdfb7f4e96c1abade57f9c9) Importer(815301076,1909f56bfc062723c751e8b465ee728b)  -> (artifact id: '0d96d7ad43c0a13d9bbb615fac182213') in 0.064185 seconds
  Import took 0.068767 seconds .

========================================================================
Received Prepare
Registering precompiled user dll's ...
Registered in 0.001534 seconds.
Begin MonoManager ReloadAssembly
Native extension for WindowsStandalone target not found
Native extension for WebGL target not found
Refreshing native plugins compatible for Editor in 0.61 ms, found 0 plugins.
Preloading 0 native plugins for Editor in 0.00 ms.
Mono: successfully reloaded assembly
- Completed reload, in  2.326 seconds
Platform modules already initialized, skipping
Refreshing native plugins compatible for Editor in 0.35 ms, found 0 plugins.
Preloading 0 native plugins for Editor in 0.00 ms.
Unloading 1115 Unused Serialized files (Serialized files now loaded: 0)
System memory in use before: 57.3 MB.
System memory in use after: 57.4 MB.

Unloading 5 unused Assets to reduce memory usage. Loaded Objects now: 1566.
Total: 2.929900 ms (FindLiveObjects: 0.235300 ms CreateObjectMapping: 0.074100 ms MarkObjects: 2.534800 ms  DeleteObjects: 0.083500 ms)

========================================================================
Received Import Request.
  Time since last request: 58.156240 seconds.
  path: Assets/Scripts/Menu.cs
  artifactKey: Guid(bddcaffaefdfb7f4e96c1abade57f9c9) Importer(815301076,1909f56bfc062723c751e8b465ee728b)
Start importing Assets/Scripts/Menu.cs using Guid(bddcaffaefdfb7f4e96c1abade57f9c9) Importer(815301076,1909f56bfc062723c751e8b465ee728b)  -> (artifact id: 'b6582586ab0678c166e6f0ee5e055b3c') in 0.029122 seconds
  Import took 0.032882 seconds .

========================================================================
Received Import Request.
  Time since last request: 2.420991 seconds.
  path: Assets/Scripts/Menu.cs
  artifactKey: Guid(bddcaffaefdfb7f4e96c1abade57f9c9) Importer(815301076,1909f56bfc062723c751e8b465ee728b)
Start importing Assets/Scripts/Menu.cs using Guid(bddcaffaefdfb7f4e96c1abade57f9c9) Importer(815301076,1909f56bfc062723c751e8b465ee728b)  -> (artifact id: 'b6582586ab0678c166e6f0ee5e055b3c') in 0.013255 seconds
  Import took 0.016700 seconds .

========================================================================
Received Import Request.
  Time since last request: 25.589259 seconds.
  path: Assets/Scripts/GameBoardController.cs
  artifactKey: Guid(5a3c6f2f6856b3b4e905dad897c42871) Importer(815301076,1909f56bfc062723c751e8b465ee728b)
Start importing Assets/Scripts/GameBoardController.cs using Guid(5a3c6f2f6856b3b4e905dad897c42871) Importer(815301076,1909f56bfc062723c751e8b465ee728b)  -> (artifact id: 'eb5ca7c53b6205d6e58107fb29ad0fd0') in 0.017473 seconds
  Import took 0.023728 seconds .

========================================================================
Received Import Request.
  Time since last request: 0.004959 seconds.
  path: Assets/Scripts/GameBoardController.cs
  artifactKey: Guid(5a3c6f2f6856b3b4e905dad897c42871) Importer(815301076,1909f56bfc062723c751e8b465ee728b)
Start importing Assets/Scripts/GameBoardController.cs using Guid(5a3c6f2f6856b3b4e905dad897c42871) Importer(815301076,1909f56bfc062723c751e8b465ee728b)  -> (artifact id: 'eb5ca7c53b6205d6e58107fb29ad0fd0') in 0.017344 seconds
  Import took 0.020890 seconds .

========================================================================
Received Prepare
Registering precompiled user dll's ...
Registered in 0.000681 seconds.
Begin MonoManager ReloadAssembly
Native extension for WindowsStandalone target not found
Native extension for WebGL target not found
Refreshing native plugins compatible for Editor in 0.58 ms, found 0 plugins.
Preloading 0 native plugins for Editor in 0.00 ms.
Mono: successfully reloaded assembly
- Completed reload, in  1.584 seconds
Platform modules already initialized, skipping
Refreshing native plugins compatible for Editor in 0.58 ms, found 0 plugins.
Preloading 0 native plugins for Editor in 0.00 ms.
Unloading 1115 Unused Serialized files (Serialized files now loaded: 0)
System memory in use before: 57.3 MB.
System memory in use after: 57.4 MB.

Unloading 5 unused Assets to reduce memory usage. Loaded Objects now: 1569.
Total: 2.290100 ms (FindLiveObjects: 0.287300 ms CreateObjectMapping: 0.110500 ms MarkObjects: 1.810700 ms  DeleteObjects: 0.079400 ms)

========================================================================
Received Import Request.
  Time since last request: 105.113901 seconds.
  path: Assets/Scripts/In.cs
  artifactKey: Guid(bddcaffaefdfb7f4e96c1abade57f9c9) Importer(815301076,1909f56bfc062723c751e8b465ee728b)
Start importing Assets/Scripts/In.cs using Guid(bddcaffaefdfb7f4e96c1abade57f9c9) Importer(815301076,1909f56bfc062723c751e8b465ee728b)  -> (artifact id: '50d0e0ac6a0849b3e4d9c5b431984cc7') in 0.057376 seconds
  Import took 0.071611 seconds .

========================================================================
Received Prepare
Registering precompiled user dll's ...
Registered in 0.001469 seconds.
Begin MonoManager ReloadAssembly
Native extension for WindowsStandalone target not found
Native extension for WebGL target not found
Refreshing native plugins compatible for Editor in 0.36 ms, found 0 plugins.
Preloading 0 native plugins for Editor in 0.00 ms.
Mono: successfully reloaded assembly
- Completed reload, in  1.738 seconds
Platform modules already initialized, skipping
Refreshing native plugins compatible for Editor in 0.38 ms, found 0 plugins.
Preloading 0 native plugins for Editor in 0.00 ms.
Unloading 1115 Unused Serialized files (Serialized files now loaded: 0)
System memory in use before: 57.3 MB.
System memory in use after: 57.4 MB.

Unloading 5 unused Assets to reduce memory usage. Loaded Objects now: 1572.
Total: 4.245300 ms (FindLiveObjects: 1.112800 ms CreateObjectMapping: 0.163200 ms MarkObjects: 2.884500 ms  DeleteObjects: 0.082400 ms)

========================================================================
Received Prepare
Registering precompiled user dll's ...
Registered in 0.000652 seconds.
Begin MonoManager ReloadAssembly
Native extension for WindowsStandalone target not found
Native extension for WebGL target not found
Refreshing native plugins compatible for Editor in 0.25 ms, found 0 plugins.
Preloading 0 native plugins for Editor in 0.00 ms.
Mono: successfully reloaded assembly
- Completed reload, in  1.179 seconds
Platform modules already initialized, skipping
Refreshing native plugins compatible for Editor in 0.25 ms, found 0 plugins.
Preloading 0 native plugins for Editor in 0.00 ms.
Unloading 1115 Unused Serialized files (Serialized files now loaded: 0)
System memory in use before: 57.4 MB.
System memory in use after: 57.4 MB.

Unloading 5 unused Assets to reduce memory usage. Loaded Objects now: 1575.
Total: 3.537400 ms (FindLiveObjects: 0.595000 ms CreateObjectMapping: 0.065200 ms MarkObjects: 2.798500 ms  DeleteObjects: 0.077200 ms)

========================================================================
Received Import Request.
  Time since last request: 46.796877 seconds.
  path: Assets/Scripts/In.cs
  artifactKey: Guid(bddcaffaefdfb7f4e96c1abade57f9c9) Importer(815301076,1909f56bfc062723c751e8b465ee728b)
Start importing Assets/Scripts/In.cs using Guid(bddcaffaefdfb7f4e96c1abade57f9c9) Importer(815301076,1909f56bfc062723c751e8b465ee728b)  -> (artifact id: 'bf738be178ea85ab82c2420bdfd6e67d') in 0.024116 seconds
  Import took 0.029201 seconds .

========================================================================
Received Import Request.
  Time since last request: 6.724132 seconds.
  path: Assets/Scripts/Menu.cs
  artifactKey: Guid(bddcaffaefdfb7f4e96c1abade57f9c9) Importer(815301076,1909f56bfc062723c751e8b465ee728b)
Start importing Assets/Scripts/Menu.cs using Guid(bddcaffaefdfb7f4e96c1abade57f9c9) Importer(815301076,1909f56bfc062723c751e8b465ee728b)  -> (artifact id: '1cab6ce3b03d19b2ba05fb18541ec0aa') in 2.189713 seconds
  Import took 2.683911 seconds .

========================================================================
Received Prepare
Registering precompiled user dll's ...
Registered in 0.001274 seconds.
Begin MonoManager ReloadAssembly
Native extension for WindowsStandalone target not found
Native extension for WebGL target not found
Refreshing native plugins compatible for Editor in 0.32 ms, found 0 plugins.
Preloading 0 native plugins for Editor in 0.00 ms.
Mono: successfully reloaded assembly
- Completed reload, in  1.691 seconds
Platform modules already initialized, skipping
Refreshing native plugins compatible for Editor in 0.21 ms, found 0 plugins.
Preloading 0 native plugins for Editor in 0.00 ms.
Unloading 1115 Unused Serialized files (Serialized files now loaded: 0)
System memory in use before: 57.4 MB.
System memory in use after: 57.4 MB.

Unloading 5 unused Assets to reduce memory usage. Loaded Objects now: 1578.
Total: 2.960000 ms (FindLiveObjects: 0.261800 ms CreateObjectMapping: 0.101900 ms MarkObjects: 2.523400 ms  DeleteObjects: 0.070800 ms)

========================================================================
Received Prepare
Registering precompiled user dll's ...
Registered in 0.001058 seconds.
Begin MonoManager ReloadAssembly
Native extension for WindowsStandalone target not found
Native extension for WebGL target not found
Refreshing native plugins compatible for Editor in 0.31 ms, found 0 plugins.
Preloading 0 native plugins for Editor in 0.00 ms.
Mono: successfully reloaded assembly
- Completed reload, in  2.532 seconds
Platform modules already initialized, skipping
Refreshing native plugins compatible for Editor in 0.47 ms, found 0 plugins.
Preloading 0 native plugins for Editor in 0.00 ms.
Unloading 1115 Unused Serialized files (Serialized files now loaded: 0)
System memory in use before: 57.4 MB.
System memory in use after: 57.4 MB.

Unloading 5 unused Assets to reduce memory usage. Loaded Objects now: 1581.
Total: 5.313100 ms (FindLiveObjects: 0.298100 ms CreateObjectMapping: 0.086700 ms MarkObjects: 4.820200 ms  DeleteObjects: 0.105600 ms)

========================================================================
Received Prepare
Registering precompiled user dll's ...
Registered in 0.000766 seconds.
Begin MonoManager ReloadAssembly
Native extension for WindowsStandalone target not found
Native extension for WebGL target not found
Refreshing native plugins compatible for Editor in 0.23 ms, found 0 plugins.
Preloading 0 native plugins for Editor in 0.00 ms.
Mono: successfully reloaded assembly
- Completed reload, in  1.093 seconds
Platform modules already initialized, skipping
Refreshing native plugins compatible for Editor in 0.22 ms, found 0 plugins.
Preloading 0 native plugins for Editor in 0.00 ms.
Unloading 1115 Unused Serialized files (Serialized files now loaded: 0)
System memory in use before: 57.4 MB.
System memory in use after: 57.4 MB.

Unloading 5 unused Assets to reduce memory usage. Loaded Objects now: 1584.
Total: 2.347400 ms (FindLiveObjects: 0.266400 ms CreateObjectMapping: 0.077400 ms MarkObjects: 1.898000 ms  DeleteObjects: 0.103900 ms)

========================================================================
Received Prepare
Registering precompiled user dll's ...
Registered in 0.000663 seconds.
Begin MonoManager ReloadAssembly
Native extension for WindowsStandalone target not found
Native extension for WebGL target not found
Refreshing native plugins compatible for Editor in 0.23 ms, found 0 plugins.
Preloading 0 native plugins for Editor in 0.00 ms.
Mono: successfully reloaded assembly
- Completed reload, in  6.004 seconds
Platform modules already initialized, skipping
Refreshing native plugins compatible for Editor in 0.23 ms, found 0 plugins.
Preloading 0 native plugins for Editor in 0.00 ms.
Unloading 1115 Unused Serialized files (Serialized files now loaded: 0)
System memory in use before: 57.4 MB.
System memory in use after: 57.5 MB.

Unloading 5 unused Assets to reduce memory usage. Loaded Objects now: 1587.
Total: 4.026400 ms (FindLiveObjects: 1.226000 ms CreateObjectMapping: 0.211300 ms MarkObjects: 2.480800 ms  DeleteObjects: 0.097600 ms)

========================================================================
Received Import Request.
  Time since last request: 296.473026 seconds.
  path: Assets/Scripts/Interface.cs
  artifactKey: Guid(bddcaffaefdfb7f4e96c1abade57f9c9) Importer(815301076,1909f56bfc062723c751e8b465ee728b)
Start importing Assets/Scripts/Interface.cs using Guid(bddcaffaefdfb7f4e96c1abade57f9c9) Importer(815301076,1909f56bfc062723c751e8b465ee728b)  -> (artifact id: '4e95519374e41cc1fd7e0a2dd8b7b37c') in 0.026371 seconds
  Import took 0.030558 seconds .

========================================================================
Received Import Request.
  Time since last request: 0.002897 seconds.
  path: Assets/Scripts/Interface.cs
  artifactKey: Guid(bddcaffaefdfb7f4e96c1abade57f9c9) Importer(815301076,1909f56bfc062723c751e8b465ee728b)
Start importing Assets/Scripts/Interface.cs using Guid(bddcaffaefdfb7f4e96c1abade57f9c9) Importer(815301076,1909f56bfc062723c751e8b465ee728b)  -> (artifact id: '4e95519374e41cc1fd7e0a2dd8b7b37c') in 0.023350 seconds
  Import took 0.026984 seconds .

========================================================================
Received Prepare
Registering precompiled user dll's ...
Registered in 0.000659 seconds.
Begin MonoManager ReloadAssembly
Native extension for WindowsStandalone target not found
Native extension for WebGL target not found
Refreshing native plugins compatible for Editor in 0.24 ms, found 0 plugins.
Preloading 0 native plugins for Editor in 0.00 ms.
Mono: successfully reloaded assembly
- Completed reload, in  2.368 seconds
Platform modules already initialized, skipping
Refreshing native plugins compatible for Editor in 0.24 ms, found 0 plugins.
Preloading 0 native plugins for Editor in 0.00 ms.
Unloading 1115 Unused Serialized files (Serialized files now loaded: 0)
System memory in use before: 57.4 MB.
System memory in use after: 57.5 MB.

Unloading 5 unused Assets to reduce memory usage. Loaded Objects now: 1590.
Total: 4.106100 ms (FindLiveObjects: 0.239900 ms CreateObjectMapping: 0.073200 ms MarkObjects: 3.681300 ms  DeleteObjects: 0.109800 ms)

========================================================================
Received Prepare
Registering precompiled user dll's ...
Registered in 0.001090 seconds.
Begin MonoManager ReloadAssembly
Native extension for WindowsStandalone target not found
Native extension for WebGL target not found
Refreshing native plugins compatible for Editor in 0.22 ms, found 0 plugins.
Preloading 0 native plugins for Editor in 0.00 ms.
Mono: successfully reloaded assembly
- Completed reload, in  1.273 seconds
Platform modules already initialized, skipping
Refreshing native plugins compatible for Editor in 0.38 ms, found 0 plugins.
Preloading 0 native plugins for Editor in 0.00 ms.
Unloading 1115 Unused Serialized files (Serialized files now loaded: 0)
System memory in use before: 57.4 MB.
System memory in use after: 57.5 MB.

Unloading 5 unused Assets to reduce memory usage. Loaded Objects now: 1593.
Total: 3.234500 ms (FindLiveObjects: 0.386400 ms CreateObjectMapping: 0.079800 ms MarkObjects: 2.669600 ms  DeleteObjects: 0.096400 ms)

========================================================================
Received Import Request.
  Time since last request: 19.151306 seconds.
  path: Assets/Scripts/Menu.cs
  artifactKey: Guid(bddcaffaefdfb7f4e96c1abade57f9c9) Importer(815301076,1909f56bfc062723c751e8b465ee728b)
Start importing Assets/Scripts/Menu.cs using Guid(bddcaffaefdfb7f4e96c1abade57f9c9) Importer(815301076,1909f56bfc062723c751e8b465ee728b)  -> (artifact id: '61fe36380a3e4deb33458fb4a6a4c3ca') in 0.023106 seconds
  Import took 0.025542 seconds .

========================================================================
Received Prepare
Registering precompiled user dll's ...
Registered in 0.000654 seconds.
Begin MonoManager ReloadAssembly
Native extension for WindowsStandalone target not found
Native extension for WebGL target not found
Refreshing native plugins compatible for Editor in 0.37 ms, found 0 plugins.
Preloading 0 native plugins for Editor in 0.00 ms.
Mono: successfully reloaded assembly
- Completed reload, in  1.427 seconds
Platform modules already initialized, skipping
Refreshing native plugins compatible for Editor in 0.32 ms, found 0 plugins.
Preloading 0 native plugins for Editor in 0.00 ms.
Unloading 1115 Unused Serialized files (Serialized files now loaded: 0)
System memory in use before: 57.4 MB.
System memory in use after: 57.5 MB.

Unloading 5 unused Assets to reduce memory usage. Loaded Objects now: 1596.
Total: 2.401500 ms (FindLiveObjects: 0.226400 ms CreateObjectMapping: 0.075500 ms MarkObjects: 2.030100 ms  DeleteObjects: 0.067500 ms)

========================================================================
Received Import Request.
  Time since last request: 10.884326 seconds.
  path: Assets/Scripts/Menu.cs
  artifactKey: Guid(bddcaffaefdfb7f4e96c1abade57f9c9) Importer(815301076,1909f56bfc062723c751e8b465ee728b)
Start importing Assets/Scripts/Menu.cs using Guid(bddcaffaefdfb7f4e96c1abade57f9c9) Importer(815301076,1909f56bfc062723c751e8b465ee728b)  -> (artifact id: '65c417164035e797521712d29282c888') in 0.028173 seconds
  Import took 0.032329 seconds .

========================================================================
Received Prepare
Registering precompiled user dll's ...
Registered in 0.000932 seconds.
Begin MonoManager ReloadAssembly
Native extension for WindowsStandalone target not found
Native extension for WebGL target not found
Refreshing native plugins compatible for Editor in 0.23 ms, found 0 plugins.
Preloading 0 native plugins for Editor in 0.00 ms.
Mono: successfully reloaded assembly
- Completed reload, in  1.337 seconds
Platform modules already initialized, skipping
Refreshing native plugins compatible for Editor in 0.22 ms, found 0 plugins.
Preloading 0 native plugins for Editor in 0.00 ms.
Unloading 1115 Unused Serialized files (Serialized files now loaded: 0)
System memory in use before: 57.4 MB.
System memory in use after: 57.5 MB.

Unloading 5 unused Assets to reduce memory usage. Loaded Objects now: 1599.
Total: 3.865300 ms (FindLiveObjects: 0.337600 ms CreateObjectMapping: 0.076800 ms MarkObjects: 3.314300 ms  DeleteObjects: 0.132700 ms)

