Using pre-set license
Built from '2020.3/release' branch; Version is '2020.3.7f1 (dd97f2c94397) revision 14522354'; Using compiler version '192528614'; Build Type 'Release'
OS: 'Windows 10 Home; OS build 19042.1110; Version 2009; 64bit' Language: 'uk' Physical Memory: 8053 MB
BatchMode: 1, IsHumanControllingUs: 0, StartBugReporterOnCrash: 0, Is64bit: 1, IsPro: 0

 COMMAND LINE ARGUMENTS:
C:\Program Files\Unity\Hub\Editor\2020.3.7f1\Editor\Unity.exe
-adb2
-batchMode
-noUpm
-name
AssetImportWorker1
-projectPath
D:/Uniti/Crosses and zeros
-logFile
Logs/AssetImportWorker1.log
-srvPort
54180
Successfully changed project path to: D:/Uniti/Crosses and zeros
D:/Uniti/Crosses and zeros
Using Asset Import Pipeline V2.
Refreshing native plugins compatible for Editor in 57.05 ms, found 0 plugins.
Preloading 0 native plugins for Editor in 0.00 ms.
Initialize engine version: 2020.3.7f1 (dd97f2c94397)
[Subsystems] Discovering subsystems at path C:/Program Files/Unity/Hub/Editor/2020.3.7f1/Editor/Data/Resources/UnitySubsystems
[Subsystems] Discovering subsystems at path D:/Uniti/Crosses and zeros/Assets
GfxDevice: creating device client; threaded=0
Direct3D:
    Version:  Direct3D 11.0 [level 11.1]
    Renderer: Intel(R) HD Graphics 520 (ID=0x1916)
    Vendor:   
    VRAM:     4026 MB
    Driver:   27.20.100.8681
Initialize mono
Mono path[0] = 'C:/Program Files/Unity/Hub/Editor/2020.3.7f1/Editor/Data/Managed'
Mono path[1] = 'C:/Program Files/Unity/Hub/Editor/2020.3.7f1/Editor/Data/MonoBleedingEdge/lib/mono/unityjit'
Mono config path = 'C:/Program Files/Unity/Hub/Editor/2020.3.7f1/Editor/Data/MonoBleedingEdge/etc'
Using monoOptions --debugger-agent=transport=dt_socket,embedding=1,server=y,suspend=n,address=127.0.0.1:56996
Begin MonoManager ReloadAssembly
Registering precompiled unity dll's ...
Register platform support module: C:/Program Files/Unity/Hub/Editor/2020.3.7f1/Editor/Data/PlaybackEngines/WebGLSupport/UnityEditor.WebGL.Extensions.dll
Register platform support module: C:/Program Files/Unity/Hub/Editor/2020.3.7f1/Editor/Data/PlaybackEngines/WindowsStandaloneSupport/UnityEditor.WindowsStandalone.Extensions.dll
Registered in 0.007186 seconds.
Native extension for WindowsStandalone target not found
Native extension for WebGL target not found
Refreshing native plugins compatible for Editor in 48.80 ms, found 0 plugins.
Preloading 0 native plugins for Editor in 0.00 ms.
Mono: successfully reloaded assembly
- Completed reload, in  7.129 seconds
Platform modules already initialized, skipping
Registering precompiled user dll's ...
Registered in 0.002835 seconds.
Begin MonoManager ReloadAssembly
Native extension for WindowsStandalone target not found
Native extension for WebGL target not found
Refreshing native plugins compatible for Editor in 0.29 ms, found 0 plugins.
Preloading 0 native plugins for Editor in 0.00 ms.
Mono: successfully reloaded assembly
- Completed reload, in  2.108 seconds
Platform modules already initialized, skipping
========================================================================
Worker process is ready to serve import requests
Launched and connected shader compiler UnityShaderCompiler.exe after 0.21 seconds
Refreshing native plugins compatible for Editor in 0.23 ms, found 0 plugins.
Preloading 0 native plugins for Editor in 0.00 ms.
Unloading 1119 Unused Serialized files (Serialized files now loaded: 0)
System memory in use before: 57.2 MB.
System memory in use after: 57.3 MB.

Unloading 10 unused Assets to reduce memory usage. Loaded Objects now: 1562.
Total: 2.598100 ms (FindLiveObjects: 0.202100 ms CreateObjectMapping: 0.061000 ms MarkObjects: 2.218800 ms  DeleteObjects: 0.114400 ms)

========================================================================
Received Import Request.
  path: Assets/Prefabs/Cell.prefab
  artifactKey: Guid(40d579b12135b7c4bbd1a70232b30778) Importer(815301076,1909f56bfc062723c751e8b465ee728b)
Start importing Assets/Prefabs/Cell.prefab using Guid(40d579b12135b7c4bbd1a70232b30778) Importer(815301076,1909f56bfc062723c751e8b465ee728b)  -> (artifact id: '439e1d8dd7affee393c4c7ed431a8017') in 0.222532 seconds
  Import took 0.228382 seconds .

========================================================================
Received Prepare
Registering precompiled user dll's ...
Registered in 0.000714 seconds.
Begin MonoManager ReloadAssembly
Native extension for WindowsStandalone target not found
Native extension for WebGL target not found
Refreshing native plugins compatible for Editor in 1.00 ms, found 0 plugins.
Preloading 0 native plugins for Editor in 0.00 ms.
Mono: successfully reloaded assembly
- Completed reload, in  1.682 seconds
Platform modules already initialized, skipping
Refreshing native plugins compatible for Editor in 0.28 ms, found 0 plugins.
Preloading 0 native plugins for Editor in 0.00 ms.
Unloading 1114 Unused Serialized files (Serialized files now loaded: 0)
System memory in use before: 57.2 MB.
System memory in use after: 57.2 MB.

Unloading 5 unused Assets to reduce memory usage. Loaded Objects now: 1565.
Total: 2.325200 ms (FindLiveObjects: 0.217500 ms CreateObjectMapping: 0.067200 ms MarkObjects: 1.936700 ms  DeleteObjects: 0.101500 ms)

========================================================================
Received Prepare
Registering precompiled user dll's ...
Registered in 0.000975 seconds.
Begin MonoManager ReloadAssembly
Native extension for WindowsStandalone target not found
Native extension for WebGL target not found
Refreshing native plugins compatible for Editor in 0.22 ms, found 0 plugins.
Preloading 0 native plugins for Editor in 0.00 ms.
Mono: successfully reloaded assembly
- Completed reload, in  1.164 seconds
Platform modules already initialized, skipping
Refreshing native plugins compatible for Editor in 0.34 ms, found 0 plugins.
Preloading 0 native plugins for Editor in 0.00 ms.
Unloading 1114 Unused Serialized files (Serialized files now loaded: 0)
System memory in use before: 57.2 MB.
System memory in use after: 57.3 MB.

Unloading 5 unused Assets to reduce memory usage. Loaded Objects now: 1568.
Total: 2.670700 ms (FindLiveObjects: 0.607500 ms CreateObjectMapping: 0.186200 ms MarkObjects: 1.806900 ms  DeleteObjects: 0.068400 ms)

========================================================================
Received Prepare
Registering precompiled user dll's ...
Registered in 0.001249 seconds.
Begin MonoManager ReloadAssembly
Native extension for WindowsStandalone target not found
Native extension for WebGL target not found
Refreshing native plugins compatible for Editor in 0.29 ms, found 0 plugins.
Preloading 0 native plugins for Editor in 0.00 ms.
Mono: successfully reloaded assembly
- Completed reload, in  1.634 seconds
Platform modules already initialized, skipping
Refreshing native plugins compatible for Editor in 0.33 ms, found 0 plugins.
Preloading 0 native plugins for Editor in 0.00 ms.
Unloading 1114 Unused Serialized files (Serialized files now loaded: 0)
System memory in use before: 57.2 MB.
System memory in use after: 57.3 MB.

Unloading 5 unused Assets to reduce memory usage. Loaded Objects now: 1571.
Total: 3.740000 ms (FindLiveObjects: 0.237000 ms CreateObjectMapping: 0.064600 ms MarkObjects: 3.318000 ms  DeleteObjects: 0.117400 ms)

========================================================================
Received Prepare
Registering precompiled user dll's ...
Registered in 0.000860 seconds.
Begin MonoManager ReloadAssembly
Native extension for WindowsStandalone target not found
Native extension for WebGL target not found
Refreshing native plugins compatible for Editor in 0.28 ms, found 0 plugins.
Preloading 0 native plugins for Editor in 0.00 ms.
Mono: successfully reloaded assembly
- Completed reload, in  1.954 seconds
Platform modules already initialized, skipping
Refreshing native plugins compatible for Editor in 0.24 ms, found 0 plugins.
Preloading 0 native plugins for Editor in 0.00 ms.
Unloading 1114 Unused Serialized files (Serialized files now loaded: 0)
System memory in use before: 57.2 MB.
System memory in use after: 57.3 MB.

Unloading 5 unused Assets to reduce memory usage. Loaded Objects now: 1574.
Total: 3.090900 ms (FindLiveObjects: 0.275700 ms CreateObjectMapping: 0.102200 ms MarkObjects: 2.631500 ms  DeleteObjects: 0.079200 ms)

========================================================================
Received Prepare
Registering precompiled user dll's ...
Registered in 0.001480 seconds.
Begin MonoManager ReloadAssembly
Native extension for WindowsStandalone target not found
Native extension for WebGL target not found
Refreshing native plugins compatible for Editor in 0.23 ms, found 0 plugins.
Preloading 0 native plugins for Editor in 0.00 ms.
Mono: successfully reloaded assembly
- Completed reload, in  1.964 seconds
Platform modules already initialized, skipping
Refreshing native plugins compatible for Editor in 0.29 ms, found 0 plugins.
Preloading 0 native plugins for Editor in 0.00 ms.
Unloading 1114 Unused Serialized files (Serialized files now loaded: 0)
System memory in use before: 57.2 MB.
System memory in use after: 57.3 MB.

Unloading 5 unused Assets to reduce memory usage. Loaded Objects now: 1577.
Total: 2.866000 ms (FindLiveObjects: 0.187100 ms CreateObjectMapping: 0.052500 ms MarkObjects: 2.512900 ms  DeleteObjects: 0.110800 ms)

========================================================================
Received Prepare
Registering precompiled user dll's ...
Registered in 0.005648 seconds.
Begin MonoManager ReloadAssembly
Native extension for WindowsStandalone target not found
Native extension for WebGL target not found
Refreshing native plugins compatible for Editor in 0.39 ms, found 0 plugins.
Preloading 0 native plugins for Editor in 0.00 ms.
Mono: successfully reloaded assembly
- Completed reload, in  2.578 seconds
Platform modules already initialized, skipping
Refreshing native plugins compatible for Editor in 0.41 ms, found 0 plugins.
Preloading 0 native plugins for Editor in 0.00 ms.
Unloading 1114 Unused Serialized files (Serialized files now loaded: 0)
System memory in use before: 57.2 MB.
System memory in use after: 57.3 MB.

Unloading 5 unused Assets to reduce memory usage. Loaded Objects now: 1580.
Total: 4.512700 ms (FindLiveObjects: 0.880500 ms CreateObjectMapping: 0.070700 ms MarkObjects: 3.400300 ms  DeleteObjects: 0.156400 ms)

========================================================================
Received Prepare
Registering precompiled user dll's ...
Registered in 0.000656 seconds.
Begin MonoManager ReloadAssembly
Native extension for WindowsStandalone target not found
Native extension for WebGL target not found
Refreshing native plugins compatible for Editor in 0.27 ms, found 0 plugins.
Preloading 0 native plugins for Editor in 0.00 ms.
Mono: successfully reloaded assembly
- Completed reload, in  1.173 seconds
Platform modules already initialized, skipping
Refreshing native plugins compatible for Editor in 0.27 ms, found 0 plugins.
Preloading 0 native plugins for Editor in 0.00 ms.
Unloading 1114 Unused Serialized files (Serialized files now loaded: 0)
System memory in use before: 57.3 MB.
System memory in use after: 57.3 MB.

Unloading 5 unused Assets to reduce memory usage. Loaded Objects now: 1583.
Total: 5.139700 ms (FindLiveObjects: 0.533100 ms CreateObjectMapping: 0.164200 ms MarkObjects: 3.678700 ms  DeleteObjects: 0.760000 ms)

========================================================================
Received Import Request.
  Time since last request: 39634.800289 seconds.
  path: Assets/Scripts/GameBoardData.cs
  artifactKey: Guid(698bbb7aff2355444ac4a6d2482c0a7c) Importer(815301076,1909f56bfc062723c751e8b465ee728b)
Start importing Assets/Scripts/GameBoardData.cs using Guid(698bbb7aff2355444ac4a6d2482c0a7c) Importer(815301076,1909f56bfc062723c751e8b465ee728b)  -> (artifact id: '3c1830085407da597d1eb08bf5c1c8ea') in 0.058916 seconds
  Import took 0.064340 seconds .

========================================================================
Received Import Request.
  Time since last request: 0.000372 seconds.
  path: Assets/Scripts/LevelController.cs
  artifactKey: Guid(bddcaffaefdfb7f4e96c1abade57f9c9) Importer(815301076,1909f56bfc062723c751e8b465ee728b)
Start importing Assets/Scripts/LevelController.cs using Guid(bddcaffaefdfb7f4e96c1abade57f9c9) Importer(815301076,1909f56bfc062723c751e8b465ee728b)  -> (artifact id: '9d913dd5ba96241ce61b7818ef2ebe30') in 0.016486 seconds
  Import took 0.023365 seconds .

========================================================================
Received Import Request.
  Time since last request: 0.001903 seconds.
  path: Assets/Scripts/GameBoardController.cs
  artifactKey: Guid(5a3c6f2f6856b3b4e905dad897c42871) Importer(815301076,1909f56bfc062723c751e8b465ee728b)
Start importing Assets/Scripts/GameBoardController.cs using Guid(5a3c6f2f6856b3b4e905dad897c42871) Importer(815301076,1909f56bfc062723c751e8b465ee728b)  -> (artifact id: 'de242f838ed8f78944e3a16162470247') in 0.022766 seconds
  Import took 0.029772 seconds .

========================================================================
Received Import Request.
  Time since last request: 20.935575 seconds.
  path: Assets/Scripts/Interface.cs
  artifactKey: Guid(bddcaffaefdfb7f4e96c1abade57f9c9) Importer(815301076,1909f56bfc062723c751e8b465ee728b)
Start importing Assets/Scripts/Interface.cs using Guid(bddcaffaefdfb7f4e96c1abade57f9c9) Importer(815301076,1909f56bfc062723c751e8b465ee728b)  -> (artifact id: '8630afb90b3331bab4978711c2b4685f') in 0.043124 seconds
  Import took 0.053507 seconds .

========================================================================
Received Prepare
Registering precompiled user dll's ...
Registered in 0.001066 seconds.
Begin MonoManager ReloadAssembly
Native extension for WindowsStandalone target not found
Native extension for WebGL target not found
Refreshing native plugins compatible for Editor in 0.27 ms, found 0 plugins.
Preloading 0 native plugins for Editor in 0.00 ms.
Mono: successfully reloaded assembly
- Completed reload, in  1.679 seconds
Platform modules already initialized, skipping
Refreshing native plugins compatible for Editor in 0.30 ms, found 0 plugins.
Preloading 0 native plugins for Editor in 0.00 ms.
Unloading 1114 Unused Serialized files (Serialized files now loaded: 0)
System memory in use before: 57.3 MB.
System memory in use after: 57.4 MB.

Unloading 5 unused Assets to reduce memory usage. Loaded Objects now: 1586.
Total: 11.639800 ms (FindLiveObjects: 0.478100 ms CreateObjectMapping: 0.134800 ms MarkObjects: 10.869600 ms  DeleteObjects: 0.152300 ms)

========================================================================
Received Prepare
Registering precompiled user dll's ...
Registered in 0.000857 seconds.
Begin MonoManager ReloadAssembly
Native extension for WindowsStandalone target not found
Native extension for WebGL target not found
Refreshing native plugins compatible for Editor in 0.24 ms, found 0 plugins.
Preloading 0 native plugins for Editor in 0.00 ms.
Mono: successfully reloaded assembly
- Completed reload, in  1.298 seconds
Platform modules already initialized, skipping
Refreshing native plugins compatible for Editor in 0.21 ms, found 0 plugins.
Preloading 0 native plugins for Editor in 0.00 ms.
Unloading 1114 Unused Serialized files (Serialized files now loaded: 0)
System memory in use before: 57.3 MB.
System memory in use after: 57.4 MB.

Unloading 5 unused Assets to reduce memory usage. Loaded Objects now: 1589.
Total: 3.409700 ms (FindLiveObjects: 0.258800 ms CreateObjectMapping: 0.052400 ms MarkObjects: 3.000700 ms  DeleteObjects: 0.096000 ms)

========================================================================
Received Import Request.
  Time since last request: 34.590942 seconds.
  path: Assets/Scripts/Interface.cs
  artifactKey: Guid(bddcaffaefdfb7f4e96c1abade57f9c9) Importer(815301076,1909f56bfc062723c751e8b465ee728b)
Start importing Assets/Scripts/Interface.cs using Guid(bddcaffaefdfb7f4e96c1abade57f9c9) Importer(815301076,1909f56bfc062723c751e8b465ee728b)  -> (artifact id: 'aefc2d92eb7776cbde0bcbd12f059156') in 0.012505 seconds
  Import took 0.015612 seconds .

========================================================================
Received Prepare
Registering precompiled user dll's ...
Registered in 0.000750 seconds.
Begin MonoManager ReloadAssembly
Native extension for WindowsStandalone target not found
Native extension for WebGL target not found
Refreshing native plugins compatible for Editor in 0.25 ms, found 0 plugins.
Preloading 0 native plugins for Editor in 0.00 ms.
Mono: successfully reloaded assembly
- Completed reload, in  1.311 seconds
Platform modules already initialized, skipping
Refreshing native plugins compatible for Editor in 0.23 ms, found 0 plugins.
Preloading 0 native plugins for Editor in 0.00 ms.
Unloading 1114 Unused Serialized files (Serialized files now loaded: 0)
System memory in use before: 57.3 MB.
System memory in use after: 57.4 MB.

Unloading 5 unused Assets to reduce memory usage. Loaded Objects now: 1592.
Total: 2.416900 ms (FindLiveObjects: 0.594800 ms CreateObjectMapping: 0.083800 ms MarkObjects: 1.659900 ms  DeleteObjects: 0.076300 ms)

========================================================================
Received Prepare
Registering precompiled user dll's ...
Registered in 0.000907 seconds.
Begin MonoManager ReloadAssembly
Native extension for WindowsStandalone target not found
Native extension for WebGL target not found
Refreshing native plugins compatible for Editor in 0.25 ms, found 0 plugins.
Preloading 0 native plugins for Editor in 0.00 ms.
Mono: successfully reloaded assembly
- Completed reload, in  8.307 seconds
Platform modules already initialized, skipping
Refreshing native plugins compatible for Editor in 0.35 ms, found 0 plugins.
Preloading 0 native plugins for Editor in 0.00 ms.
Unloading 1114 Unused Serialized files (Serialized files now loaded: 0)
System memory in use before: 57.3 MB.
System memory in use after: 57.4 MB.

Unloading 5 unused Assets to reduce memory usage. Loaded Objects now: 1595.
Total: 3.492500 ms (FindLiveObjects: 0.269000 ms CreateObjectMapping: 0.080900 ms MarkObjects: 3.055600 ms  DeleteObjects: 0.085000 ms)

========================================================================
Received Prepare
Registering precompiled user dll's ...
Registered in 0.000946 seconds.
Begin MonoManager ReloadAssembly
Native extension for WindowsStandalone target not found
Native extension for WebGL target not found
Refreshing native plugins compatible for Editor in 0.23 ms, found 0 plugins.
Preloading 0 native plugins for Editor in 0.00 ms.
Mono: successfully reloaded assembly
- Completed reload, in  1.360 seconds
Platform modules already initialized, skipping
Refreshing native plugins compatible for Editor in 0.22 ms, found 0 plugins.
Preloading 0 native plugins for Editor in 0.00 ms.
Unloading 1114 Unused Serialized files (Serialized files now loaded: 0)
System memory in use before: 57.3 MB.
System memory in use after: 57.4 MB.

Unloading 5 unused Assets to reduce memory usage. Loaded Objects now: 1598.
Total: 3.764800 ms (FindLiveObjects: 0.222300 ms CreateObjectMapping: 0.079600 ms MarkObjects: 3.272000 ms  DeleteObjects: 0.188000 ms)

========================================================================
Received Prepare
Registering precompiled user dll's ...
Registered in 0.000951 seconds.
Begin MonoManager ReloadAssembly
Native extension for WindowsStandalone target not found
Native extension for WebGL target not found
Refreshing native plugins compatible for Editor in 0.23 ms, found 0 plugins.
Preloading 0 native plugins for Editor in 0.00 ms.
Mono: successfully reloaded assembly
- Completed reload, in  1.347 seconds
Platform modules already initialized, skipping
Refreshing native plugins compatible for Editor in 0.21 ms, found 0 plugins.
Preloading 0 native plugins for Editor in 0.00 ms.
Unloading 1114 Unused Serialized files (Serialized files now loaded: 0)
System memory in use before: 57.3 MB.
System memory in use after: 57.4 MB.

Unloading 5 unused Assets to reduce memory usage. Loaded Objects now: 1601.
Total: 2.673600 ms (FindLiveObjects: 0.232200 ms CreateObjectMapping: 0.056700 ms MarkObjects: 2.278200 ms  DeleteObjects: 0.104600 ms)

========================================================================
Received Prepare
Registering precompiled user dll's ...
Registered in 0.000659 seconds.
Begin MonoManager ReloadAssembly
Native extension for WindowsStandalone target not found
Native extension for WebGL target not found
Refreshing native plugins compatible for Editor in 0.37 ms, found 0 plugins.
Preloading 0 native plugins for Editor in 0.00 ms.
Mono: successfully reloaded assembly
- Completed reload, in  1.370 seconds
Platform modules already initialized, skipping
Refreshing native plugins compatible for Editor in 0.31 ms, found 0 plugins.
Preloading 0 native plugins for Editor in 0.00 ms.
Unloading 1114 Unused Serialized files (Serialized files now loaded: 0)
System memory in use before: 57.3 MB.
System memory in use after: 57.4 MB.

Unloading 5 unused Assets to reduce memory usage. Loaded Objects now: 1604.
Total: 3.814400 ms (FindLiveObjects: 0.459500 ms CreateObjectMapping: 0.091400 ms MarkObjects: 3.173200 ms  DeleteObjects: 0.087900 ms)

========================================================================
Received Prepare
Registering precompiled user dll's ...
Registered in 0.000897 seconds.
Begin MonoManager ReloadAssembly
Native extension for WindowsStandalone target not found
Native extension for WebGL target not found
Refreshing native plugins compatible for Editor in 0.23 ms, found 0 plugins.
Preloading 0 native plugins for Editor in 0.00 ms.
Mono: successfully reloaded assembly
- Completed reload, in  1.201 seconds
Platform modules already initialized, skipping
Refreshing native plugins compatible for Editor in 0.21 ms, found 0 plugins.
Preloading 0 native plugins for Editor in 0.00 ms.
Unloading 1114 Unused Serialized files (Serialized files now loaded: 0)
System memory in use before: 57.3 MB.
System memory in use after: 57.4 MB.

Unloading 5 unused Assets to reduce memory usage. Loaded Objects now: 1607.
Total: 5.570400 ms (FindLiveObjects: 0.766100 ms CreateObjectMapping: 0.336200 ms MarkObjects: 4.349500 ms  DeleteObjects: 0.114100 ms)

========================================================================
Received Prepare
Registering precompiled user dll's ...
Registered in 0.000656 seconds.
Begin MonoManager ReloadAssembly
Native extension for WindowsStandalone target not found
Native extension for WebGL target not found
Refreshing native plugins compatible for Editor in 0.38 ms, found 0 plugins.
Preloading 0 native plugins for Editor in 0.00 ms.
Mono: successfully reloaded assembly
- Completed reload, in  1.327 seconds
Platform modules already initialized, skipping
Refreshing native plugins compatible for Editor in 0.21 ms, found 0 plugins.
Preloading 0 native plugins for Editor in 0.00 ms.
Unloading 1114 Unused Serialized files (Serialized files now loaded: 0)
System memory in use before: 57.3 MB.
System memory in use after: 57.4 MB.

Unloading 5 unused Assets to reduce memory usage. Loaded Objects now: 1610.
Total: 6.380500 ms (FindLiveObjects: 0.509900 ms CreateObjectMapping: 0.280300 ms MarkObjects: 5.463700 ms  DeleteObjects: 0.120300 ms)

========================================================================
Received Prepare
Registering precompiled user dll's ...
Registered in 0.000957 seconds.
Begin MonoManager ReloadAssembly
Native extension for WindowsStandalone target not found
Native extension for WebGL target not found
Refreshing native plugins compatible for Editor in 0.40 ms, found 0 plugins.
Preloading 0 native plugins for Editor in 0.00 ms.
Mono: successfully reloaded assembly
- Completed reload, in  4.069 seconds
Platform modules already initialized, skipping
Refreshing native plugins compatible for Editor in 0.37 ms, found 0 plugins.
Preloading 0 native plugins for Editor in 0.00 ms.
Unloading 1114 Unused Serialized files (Serialized files now loaded: 0)
System memory in use before: 57.3 MB.
System memory in use after: 57.4 MB.

Unloading 5 unused Assets to reduce memory usage. Loaded Objects now: 1613.
Total: 4.171200 ms (FindLiveObjects: 0.278700 ms CreateObjectMapping: 0.086200 ms MarkObjects: 3.726000 ms  DeleteObjects: 0.078000 ms)

========================================================================
Received Prepare
Registering precompiled user dll's ...
Registered in 0.002979 seconds.
Begin MonoManager ReloadAssembly
Native extension for WindowsStandalone target not found
Native extension for WebGL target not found
Refreshing native plugins compatible for Editor in 0.36 ms, found 0 plugins.
Preloading 0 native plugins for Editor in 0.00 ms.
Mono: successfully reloaded assembly
- Completed reload, in  1.684 seconds
Platform modules already initialized, skipping
Refreshing native plugins compatible for Editor in 0.34 ms, found 0 plugins.
Preloading 0 native plugins for Editor in 0.00 ms.
Unloading 1114 Unused Serialized files (Serialized files now loaded: 0)
System memory in use before: 57.3 MB.
System memory in use after: 57.4 MB.

Unloading 5 unused Assets to reduce memory usage. Loaded Objects now: 1616.
Total: 2.798200 ms (FindLiveObjects: 0.908900 ms CreateObjectMapping: 0.100900 ms MarkObjects: 1.726200 ms  DeleteObjects: 0.059600 ms)

========================================================================
Received Prepare
Registering precompiled user dll's ...
Registered in 0.000813 seconds.
Begin MonoManager ReloadAssembly
Native extension for WindowsStandalone target not found
Native extension for WebGL target not found
Refreshing native plugins compatible for Editor in 0.35 ms, found 0 plugins.
Preloading 0 native plugins for Editor in 0.00 ms.
Mono: successfully reloaded assembly
- Completed reload, in  4.006 seconds
Platform modules already initialized, skipping
Refreshing native plugins compatible for Editor in 0.77 ms, found 0 plugins.
Preloading 0 native plugins for Editor in 0.00 ms.
Unloading 1114 Unused Serialized files (Serialized files now loaded: 0)
System memory in use before: 57.3 MB.
System memory in use after: 57.4 MB.

Unloading 5 unused Assets to reduce memory usage. Loaded Objects now: 1619.
Total: 6.545400 ms (FindLiveObjects: 0.783600 ms CreateObjectMapping: 0.522700 ms MarkObjects: 5.167200 ms  DeleteObjects: 0.066900 ms)

========================================================================
Received Prepare
Registering precompiled user dll's ...
Registered in 0.002194 seconds.
Begin MonoManager ReloadAssembly
Native extension for WindowsStandalone target not found
Native extension for WebGL target not found
Refreshing native plugins compatible for Editor in 0.24 ms, found 0 plugins.
Preloading 0 native plugins for Editor in 0.00 ms.
Mono: successfully reloaded assembly
- Completed reload, in  1.304 seconds
Platform modules already initialized, skipping
Refreshing native plugins compatible for Editor in 0.21 ms, found 0 plugins.
Preloading 0 native plugins for Editor in 0.00 ms.
Unloading 1114 Unused Serialized files (Serialized files now loaded: 0)
System memory in use before: 57.3 MB.
System memory in use after: 57.4 MB.

Unloading 5 unused Assets to reduce memory usage. Loaded Objects now: 1622.
Total: 2.698100 ms (FindLiveObjects: 0.240500 ms CreateObjectMapping: 0.075900 ms MarkObjects: 2.312900 ms  DeleteObjects: 0.067000 ms)

========================================================================
Received Prepare
Registering precompiled user dll's ...
Registered in 0.002585 seconds.
Begin MonoManager ReloadAssembly
Native extension for WindowsStandalone target not found
Native extension for WebGL target not found
Refreshing native plugins compatible for Editor in 0.41 ms, found 0 plugins.
Preloading 0 native plugins for Editor in 0.00 ms.
Mono: successfully reloaded assembly
- Completed reload, in  4.792 seconds
Platform modules already initialized, skipping
Refreshing native plugins compatible for Editor in 0.62 ms, found 0 plugins.
Preloading 0 native plugins for Editor in 0.00 ms.
Unloading 1114 Unused Serialized files (Serialized files now loaded: 0)
System memory in use before: 57.3 MB.
System memory in use after: 57.4 MB.

Unloading 5 unused Assets to reduce memory usage. Loaded Objects now: 1625.
Total: 4.778000 ms (FindLiveObjects: 0.392700 ms CreateObjectMapping: 0.348800 ms MarkObjects: 3.978100 ms  DeleteObjects: 0.055900 ms)

========================================================================
Received Prepare
Registering precompiled user dll's ...
Registered in 0.001105 seconds.
Begin MonoManager ReloadAssembly
Native extension for WindowsStandalone target not found
Native extension for WebGL target not found
Refreshing native plugins compatible for Editor in 0.29 ms, found 0 plugins.
Preloading 0 native plugins for Editor in 0.00 ms.
Mono: successfully reloaded assembly
- Completed reload, in  1.168 seconds
Platform modules already initialized, skipping
Refreshing native plugins compatible for Editor in 0.21 ms, found 0 plugins.
Preloading 0 native plugins for Editor in 0.00 ms.
Unloading 1114 Unused Serialized files (Serialized files now loaded: 0)
System memory in use before: 57.3 MB.
System memory in use after: 57.4 MB.

Unloading 5 unused Assets to reduce memory usage. Loaded Objects now: 1628.
Total: 2.458400 ms (FindLiveObjects: 0.295800 ms CreateObjectMapping: 0.086000 ms MarkObjects: 2.014200 ms  DeleteObjects: 0.060700 ms)

========================================================================
Received Prepare
Registering precompiled user dll's ...
Registered in 0.000669 seconds.
Begin MonoManager ReloadAssembly
Native extension for WindowsStandalone target not found
Native extension for WebGL target not found
Refreshing native plugins compatible for Editor in 0.25 ms, found 0 plugins.
Preloading 0 native plugins for Editor in 0.00 ms.
Mono: successfully reloaded assembly
- Completed reload, in  1.344 seconds
Platform modules already initialized, skipping
Refreshing native plugins compatible for Editor in 0.26 ms, found 0 plugins.
Preloading 0 native plugins for Editor in 0.00 ms.
Unloading 1114 Unused Serialized files (Serialized files now loaded: 0)
System memory in use before: 57.3 MB.
System memory in use after: 57.4 MB.

Unloading 5 unused Assets to reduce memory usage. Loaded Objects now: 1631.
Total: 2.231100 ms (FindLiveObjects: 0.277500 ms CreateObjectMapping: 0.069900 ms MarkObjects: 1.826100 ms  DeleteObjects: 0.055900 ms)

========================================================================
Received Prepare
Registering precompiled user dll's ...
Registered in 0.000668 seconds.
Begin MonoManager ReloadAssembly
Native extension for WindowsStandalone target not found
Native extension for WebGL target not found
Refreshing native plugins compatible for Editor in 0.31 ms, found 0 plugins.
Preloading 0 native plugins for Editor in 0.00 ms.
Mono: successfully reloaded assembly
- Completed reload, in  1.336 seconds
Platform modules already initialized, skipping
Refreshing native plugins compatible for Editor in 0.21 ms, found 0 plugins.
Preloading 0 native plugins for Editor in 0.00 ms.
Unloading 1114 Unused Serialized files (Serialized files now loaded: 0)
System memory in use before: 57.3 MB.
System memory in use after: 57.4 MB.

Unloading 5 unused Assets to reduce memory usage. Loaded Objects now: 1634.
Total: 2.295300 ms (FindLiveObjects: 0.512600 ms CreateObjectMapping: 0.043400 ms MarkObjects: 1.661300 ms  DeleteObjects: 0.075800 ms)

========================================================================
Received Prepare
Registering precompiled user dll's ...
Registered in 0.000744 seconds.
Begin MonoManager ReloadAssembly
Native extension for WindowsStandalone target not found
Native extension for WebGL target not found
Refreshing native plugins compatible for Editor in 0.22 ms, found 0 plugins.
Preloading 0 native plugins for Editor in 0.00 ms.
Mono: successfully reloaded assembly
- Completed reload, in  1.187 seconds
Platform modules already initialized, skipping
Refreshing native plugins compatible for Editor in 0.38 ms, found 0 plugins.
Preloading 0 native plugins for Editor in 0.00 ms.
Unloading 1114 Unused Serialized files (Serialized files now loaded: 0)
System memory in use before: 57.4 MB.
System memory in use after: 57.4 MB.

Unloading 5 unused Assets to reduce memory usage. Loaded Objects now: 1637.
Total: 2.874700 ms (FindLiveObjects: 0.282000 ms CreateObjectMapping: 0.094500 ms MarkObjects: 2.415200 ms  DeleteObjects: 0.080300 ms)

========================================================================
Received Import Request.
  Time since last request: 4628.288737 seconds.
  path: Assets/Scenes/Game.unity
  artifactKey: Guid(9fc0d4010bbf28b4594072e72b8655ab) Importer(815301076,1909f56bfc062723c751e8b465ee728b)
Start importing Assets/Scenes/Game.unity using Guid(9fc0d4010bbf28b4594072e72b8655ab) Importer(815301076,1909f56bfc062723c751e8b465ee728b)  -> (artifact id: 'f448bcc2166b0199a39ac94772481882') in 0.032924 seconds
  Import took 0.039076 seconds .

========================================================================
Received Import Request.
  Time since last request: 88.292238 seconds.
  path: Assets/Scenes/Menu.unity
  artifactKey: Guid(320eece0e2281e04d8d3a3d25fd72827) Importer(815301076,1909f56bfc062723c751e8b465ee728b)
Start importing Assets/Scenes/Menu.unity using Guid(320eece0e2281e04d8d3a3d25fd72827) Importer(815301076,1909f56bfc062723c751e8b465ee728b)  -> (artifact id: 'd1accf2613bcff7119e7dfe23e27e890') in 0.047099 seconds
  Import took 0.053542 seconds .

========================================================================
Received Prepare
Registering precompiled user dll's ...
Registered in 0.000712 seconds.
Begin MonoManager ReloadAssembly
Native extension for WindowsStandalone target not found
Native extension for WebGL target not found
Refreshing native plugins compatible for Editor in 0.24 ms, found 0 plugins.
Preloading 0 native plugins for Editor in 0.00 ms.
Mono: successfully reloaded assembly
- Completed reload, in  1.380 seconds
Platform modules already initialized, skipping
Refreshing native plugins compatible for Editor in 0.32 ms, found 0 plugins.
Preloading 0 native plugins for Editor in 0.00 ms.
Unloading 1114 Unused Serialized files (Serialized files now loaded: 0)
System memory in use before: 57.4 MB.
System memory in use after: 57.4 MB.

Unloading 5 unused Assets to reduce memory usage. Loaded Objects now: 1640.
Total: 2.473100 ms (FindLiveObjects: 0.365800 ms CreateObjectMapping: 0.107000 ms MarkObjects: 1.887400 ms  DeleteObjects: 0.110800 ms)

========================================================================
Received Import Request.
  Time since last request: 441.498726 seconds.
  path: Assets/Scenes/Menu.unity
  artifactKey: Guid(320eece0e2281e04d8d3a3d25fd72827) Importer(815301076,1909f56bfc062723c751e8b465ee728b)
Start importing Assets/Scenes/Menu.unity using Guid(320eece0e2281e04d8d3a3d25fd72827) Importer(815301076,1909f56bfc062723c751e8b465ee728b)  -> (artifact id: '8f2523f46e6c29733eaf051ad2dd53b3') in 0.037491 seconds
  Import took 0.042456 seconds .

========================================================================
Received Prepare
Registering precompiled user dll's ...
Registered in 0.000648 seconds.
Begin MonoManager ReloadAssembly
Native extension for WindowsStandalone target not found
Native extension for WebGL target not found
Refreshing native plugins compatible for Editor in 0.21 ms, found 0 plugins.
Preloading 0 native plugins for Editor in 0.00 ms.
Mono: successfully reloaded assembly
- Completed reload, in  1.121 seconds
Platform modules already initialized, skipping
Refreshing native plugins compatible for Editor in 0.27 ms, found 0 plugins.
Preloading 0 native plugins for Editor in 0.00 ms.
Unloading 1114 Unused Serialized files (Serialized files now loaded: 0)
System memory in use before: 57.4 MB.
System memory in use after: 57.5 MB.

Unloading 5 unused Assets to reduce memory usage. Loaded Objects now: 1643.
Total: 4.400900 ms (FindLiveObjects: 1.065300 ms CreateObjectMapping: 0.078900 ms MarkObjects: 3.066200 ms  DeleteObjects: 0.188800 ms)

========================================================================
Received Import Request.
  Time since last request: 87.094188 seconds.
  path: Assets/Scenes/Game.unity
  artifactKey: Guid(9fc0d4010bbf28b4594072e72b8655ab) Importer(815301076,1909f56bfc062723c751e8b465ee728b)
Start importing Assets/Scenes/Game.unity using Guid(9fc0d4010bbf28b4594072e72b8655ab) Importer(815301076,1909f56bfc062723c751e8b465ee728b)  -> (artifact id: 'f5afb542dddf54159f7485d98210bda5') in 0.027815 seconds
  Import took 0.030909 seconds .

========================================================================
Received Import Request.
  Time since last request: 12.505724 seconds.
  path: Assets/Scenes/Menu.unity
  artifactKey: Guid(320eece0e2281e04d8d3a3d25fd72827) Importer(815301076,1909f56bfc062723c751e8b465ee728b)
Start importing Assets/Scenes/Menu.unity using Guid(320eece0e2281e04d8d3a3d25fd72827) Importer(815301076,1909f56bfc062723c751e8b465ee728b)  -> (artifact id: 'e6f250700287e2b658cdf959f6fbfb78') in 0.012061 seconds
  Import took 0.015987 seconds .

========================================================================
Received Prepare
Registering precompiled user dll's ...
Registered in 0.000665 seconds.
Begin MonoManager ReloadAssembly
Native extension for WindowsStandalone target not found
Native extension for WebGL target not found
Refreshing native plugins compatible for Editor in 0.22 ms, found 0 plugins.
Preloading 0 native plugins for Editor in 0.00 ms.
Mono: successfully reloaded assembly
- Completed reload, in  1.067 seconds
Platform modules already initialized, skipping
Refreshing native plugins compatible for Editor in 0.28 ms, found 0 plugins.
Preloading 0 native plugins for Editor in 0.00 ms.
Unloading 1114 Unused Serialized files (Serialized files now loaded: 0)
System memory in use before: 57.4 MB.
System memory in use after: 57.5 MB.

Unloading 5 unused Assets to reduce memory usage. Loaded Objects now: 1646.
Total: 2.389400 ms (FindLiveObjects: 0.136700 ms CreateObjectMapping: 0.038800 ms MarkObjects: 2.153400 ms  DeleteObjects: 0.059400 ms)

========================================================================
Received Prepare
Registering precompiled user dll's ...
Registered in 0.000641 seconds.
Begin MonoManager ReloadAssembly
Native extension for WindowsStandalone target not found
Native extension for WebGL target not found
Refreshing native plugins compatible for Editor in 0.45 ms, found 0 plugins.
Preloading 0 native plugins for Editor in 0.00 ms.
Mono: successfully reloaded assembly
- Completed reload, in  1.308 seconds
Platform modules already initialized, skipping
Refreshing native plugins compatible for Editor in 0.42 ms, found 0 plugins.
Preloading 0 native plugins for Editor in 0.00 ms.
Unloading 1114 Unused Serialized files (Serialized files now loaded: 0)
System memory in use before: 57.4 MB.
System memory in use after: 57.5 MB.

Unloading 5 unused Assets to reduce memory usage. Loaded Objects now: 1649.
Total: 3.005500 ms (FindLiveObjects: 0.838700 ms CreateObjectMapping: 0.102500 ms MarkObjects: 1.987900 ms  DeleteObjects: 0.073800 ms)

========================================================================
Received Import Request.
  Time since last request: 741.226520 seconds.
  path: Assets/Scripts/ComputerSide.cs
  artifactKey: Guid(3eb7e7e07167c51468cc5dc7a84036c5) Importer(815301076,1909f56bfc062723c751e8b465ee728b)
Start importing Assets/Scripts/ComputerSide.cs using Guid(3eb7e7e07167c51468cc5dc7a84036c5) Importer(815301076,1909f56bfc062723c751e8b465ee728b)  -> (artifact id: 'da4155e50d8df037e3f6930bbd41cb7f') in 0.085832 seconds
  Import took 0.090778 seconds .

========================================================================
Received Prepare
Registering precompiled user dll's ...
Registered in 0.000696 seconds.
Begin MonoManager ReloadAssembly
Native extension for WindowsStandalone target not found
Native extension for WebGL target not found
Refreshing native plugins compatible for Editor in 0.28 ms, found 0 plugins.
Preloading 0 native plugins for Editor in 0.00 ms.
Mono: successfully reloaded assembly
- Completed reload, in  1.498 seconds
Platform modules already initialized, skipping
Refreshing native plugins compatible for Editor in 0.29 ms, found 0 plugins.
Preloading 0 native plugins for Editor in 0.00 ms.
Unloading 1115 Unused Serialized files (Serialized files now loaded: 0)
System memory in use before: 57.4 MB.
System memory in use after: 57.5 MB.

Unloading 5 unused Assets to reduce memory usage. Loaded Objects now: 1653.
Total: 3.388100 ms (FindLiveObjects: 0.269600 ms CreateObjectMapping: 0.084200 ms MarkObjects: 2.950000 ms  DeleteObjects: 0.082300 ms)

========================================================================
Received Import Request.
  Time since last request: 6.302530 seconds.
  path: Assets/Scripts/GameBoardController.cs
  artifactKey: Guid(5a3c6f2f6856b3b4e905dad897c42871) Importer(815301076,1909f56bfc062723c751e8b465ee728b)
Start importing Assets/Scripts/GameBoardController.cs using Guid(5a3c6f2f6856b3b4e905dad897c42871) Importer(815301076,1909f56bfc062723c751e8b465ee728b)  -> (artifact id: 'ca3137584121945e79b4fdbc0544d0af') in 0.022381 seconds
  Import took 0.028736 seconds .

========================================================================
Received Prepare
Registering precompiled user dll's ...
Registered in 0.000708 seconds.
Begin MonoManager ReloadAssembly
Native extension for WindowsStandalone target not found
Native extension for WebGL target not found
Refreshing native plugins compatible for Editor in 0.29 ms, found 0 plugins.
Preloading 0 native plugins for Editor in 0.00 ms.
Mono: successfully reloaded assembly
- Completed reload, in  1.964 seconds
Platform modules already initialized, skipping
Refreshing native plugins compatible for Editor in 0.27 ms, found 0 plugins.
Preloading 0 native plugins for Editor in 0.00 ms.
Unloading 1115 Unused Serialized files (Serialized files now loaded: 0)
System memory in use before: 57.4 MB.
System memory in use after: 57.5 MB.

Unloading 5 unused Assets to reduce memory usage. Loaded Objects now: 1656.
Total: 2.426900 ms (FindLiveObjects: 0.161900 ms CreateObjectMapping: 0.048000 ms MarkObjects: 2.153200 ms  DeleteObjects: 0.061500 ms)

========================================================================
Received Import Request.
  Time since last request: 528.424943 seconds.
  path: Assets/Scripts/ComputerSide.cs
  artifactKey: Guid(3eb7e7e07167c51468cc5dc7a84036c5) Importer(815301076,1909f56bfc062723c751e8b465ee728b)
Start importing Assets/Scripts/ComputerSide.cs using Guid(3eb7e7e07167c51468cc5dc7a84036c5) Importer(815301076,1909f56bfc062723c751e8b465ee728b)  -> (artifact id: 'f0d6f4f6b1f618870e4bf5c0b5ffdf36') in 0.015483 seconds
  Import took 0.021457 seconds .

========================================================================
Received Prepare
Registering precompiled user dll's ...
Registered in 0.000651 seconds.
Begin MonoManager ReloadAssembly
Native extension for WindowsStandalone target not found
Native extension for WebGL target not found
Refreshing native plugins compatible for Editor in 0.53 ms, found 0 plugins.
Preloading 0 native plugins for Editor in 0.00 ms.
Mono: successfully reloaded assembly
- Completed reload, in  1.625 seconds
Platform modules already initialized, skipping
Refreshing native plugins compatible for Editor in 0.28 ms, found 0 plugins.
Preloading 0 native plugins for Editor in 0.00 ms.
Unloading 1115 Unused Serialized files (Serialized files now loaded: 0)
System memory in use before: 57.4 MB.
System memory in use after: 57.5 MB.

Unloading 5 unused Assets to reduce memory usage. Loaded Objects now: 1659.
Total: 4.124700 ms (FindLiveObjects: 0.361200 ms CreateObjectMapping: 0.104000 ms MarkObjects: 3.503100 ms  DeleteObjects: 0.153600 ms)

========================================================================
Received Prepare
Registering precompiled user dll's ...
Registered in 0.001788 seconds.
Begin MonoManager ReloadAssembly
Native extension for WindowsStandalone target not found
Native extension for WebGL target not found
Refreshing native plugins compatible for Editor in 0.30 ms, found 0 plugins.
Preloading 0 native plugins for Editor in 0.00 ms.
Mono: successfully reloaded assembly
- Completed reload, in  2.264 seconds
Platform modules already initialized, skipping
Refreshing native plugins compatible for Editor in 0.22 ms, found 0 plugins.
Preloading 0 native plugins for Editor in 0.00 ms.
Unloading 1115 Unused Serialized files (Serialized files now loaded: 0)
System memory in use before: 57.5 MB.
System memory in use after: 57.5 MB.

Unloading 5 unused Assets to reduce memory usage. Loaded Objects now: 1662.
Total: 6.042700 ms (FindLiveObjects: 0.498300 ms CreateObjectMapping: 0.075600 ms MarkObjects: 5.002400 ms  DeleteObjects: 0.460800 ms)

========================================================================
Received Import Request.
  Time since last request: 1838.222118 seconds.
  path: Assets/Scripts/GameBoardController.cs
  artifactKey: Guid(5a3c6f2f6856b3b4e905dad897c42871) Importer(815301076,1909f56bfc062723c751e8b465ee728b)
Start importing Assets/Scripts/GameBoardController.cs using Guid(5a3c6f2f6856b3b4e905dad897c42871) Importer(815301076,1909f56bfc062723c751e8b465ee728b)  -> (artifact id: '92eda4479159abb462ebbf7d44267466') in 0.024139 seconds
  Import took 0.028483 seconds .

========================================================================
Received Import Request.
  Time since last request: 2.822343 seconds.
  path: Assets/Scripts/GameBoardController.cs
  artifactKey: Guid(5a3c6f2f6856b3b4e905dad897c42871) Importer(815301076,1909f56bfc062723c751e8b465ee728b)
Start importing Assets/Scripts/GameBoardController.cs using Guid(5a3c6f2f6856b3b4e905dad897c42871) Importer(815301076,1909f56bfc062723c751e8b465ee728b)  -> (artifact id: '92eda4479159abb462ebbf7d44267466') in 0.008556 seconds
  Import took 0.012222 seconds .

========================================================================
Received Prepare
Registering precompiled user dll's ...
Registered in 0.000756 seconds.
Begin MonoManager ReloadAssembly
Native extension for WindowsStandalone target not found
Native extension for WebGL target not found
Refreshing native plugins compatible for Editor in 0.35 ms, found 0 plugins.
Preloading 0 native plugins for Editor in 0.00 ms.
Mono: successfully reloaded assembly
- Completed reload, in  1.508 seconds
Platform modules already initialized, skipping
Refreshing native plugins compatible for Editor in 1.02 ms, found 0 plugins.
Preloading 0 native plugins for Editor in 0.00 ms.
Unloading 1115 Unused Serialized files (Serialized files now loaded: 0)
System memory in use before: 57.5 MB.
System memory in use after: 57.5 MB.

Unloading 5 unused Assets to reduce memory usage. Loaded Objects now: 1665.
Total: 2.320500 ms (FindLiveObjects: 0.193900 ms CreateObjectMapping: 0.037900 ms MarkObjects: 1.981800 ms  DeleteObjects: 0.104900 ms)

========================================================================
Received Prepare
Registering precompiled user dll's ...
Registered in 0.000666 seconds.
Begin MonoManager ReloadAssembly
Native extension for WindowsStandalone target not found
Native extension for WebGL target not found
Refreshing native plugins compatible for Editor in 0.48 ms, found 0 plugins.
Preloading 0 native plugins for Editor in 0.00 ms.
Mono: successfully reloaded assembly
- Completed reload, in  1.457 seconds
Platform modules already initialized, skipping
Refreshing native plugins compatible for Editor in 0.29 ms, found 0 plugins.
Preloading 0 native plugins for Editor in 0.00 ms.
Unloading 1115 Unused Serialized files (Serialized files now loaded: 0)
System memory in use before: 57.5 MB.
System memory in use after: 57.5 MB.

Unloading 5 unused Assets to reduce memory usage. Loaded Objects now: 1668.
Total: 3.915700 ms (FindLiveObjects: 0.188200 ms CreateObjectMapping: 0.049000 ms MarkObjects: 3.578300 ms  DeleteObjects: 0.097100 ms)

========================================================================
Received Prepare
Registering precompiled user dll's ...
Registered in 0.008630 seconds.
Begin MonoManager ReloadAssembly
Native extension for WindowsStandalone target not found
Native extension for WebGL target not found
Refreshing native plugins compatible for Editor in 0.70 ms, found 0 plugins.
Preloading 0 native plugins for Editor in 0.00 ms.
Mono: successfully reloaded assembly
- Completed reload, in 12.454 seconds
Platform modules already initialized, skipping
Refreshing native plugins compatible for Editor in 0.49 ms, found 0 plugins.
Preloading 0 native plugins for Editor in 0.00 ms.
Unloading 1115 Unused Serialized files (Serialized files now loaded: 0)
System memory in use before: 57.5 MB.
System memory in use after: 57.5 MB.

Unloading 5 unused Assets to reduce memory usage. Loaded Objects now: 1671.
Total: 31.586900 ms (FindLiveObjects: 5.483700 ms CreateObjectMapping: 0.165300 ms MarkObjects: 24.221500 ms  DeleteObjects: 1.703300 ms)

========================================================================
Received Prepare
Registering precompiled user dll's ...
Registered in 0.000764 seconds.
Begin MonoManager ReloadAssembly
Native extension for WindowsStandalone target not found
Native extension for WebGL target not found
Refreshing native plugins compatible for Editor in 0.44 ms, found 0 plugins.
Preloading 0 native plugins for Editor in 0.00 ms.
Mono: successfully reloaded assembly
- Completed reload, in  3.358 seconds
Platform modules already initialized, skipping
Refreshing native plugins compatible for Editor in 0.43 ms, found 0 plugins.
Preloading 0 native plugins for Editor in 0.00 ms.
Unloading 1115 Unused Serialized files (Serialized files now loaded: 0)
System memory in use before: 57.5 MB.
System memory in use after: 57.5 MB.

Unloading 5 unused Assets to reduce memory usage. Loaded Objects now: 1674.
Total: 17.923500 ms (FindLiveObjects: 3.152900 ms CreateObjectMapping: 0.950700 ms MarkObjects: 13.298500 ms  DeleteObjects: 0.512300 ms)

========================================================================
Received Prepare
Registering precompiled user dll's ...
Registered in 0.001837 seconds.
Begin MonoManager ReloadAssembly
Native extension for WindowsStandalone target not found
Native extension for WebGL target not found
Refreshing native plugins compatible for Editor in 0.24 ms, found 0 plugins.
Preloading 0 native plugins for Editor in 0.00 ms.
Mono: successfully reloaded assembly
- Completed reload, in  2.372 seconds
Platform modules already initialized, skipping
Refreshing native plugins compatible for Editor in 0.36 ms, found 0 plugins.
Preloading 0 native plugins for Editor in 0.00 ms.
Unloading 1115 Unused Serialized files (Serialized files now loaded: 0)
System memory in use before: 57.5 MB.
System memory in use after: 57.6 MB.

Unloading 5 unused Assets to reduce memory usage. Loaded Objects now: 1677.
Total: 2.188900 ms (FindLiveObjects: 0.275600 ms CreateObjectMapping: 0.083500 ms MarkObjects: 1.751400 ms  DeleteObjects: 0.076200 ms)

========================================================================
Received Prepare
Registering precompiled user dll's ...
Registered in 0.001292 seconds.
Begin MonoManager ReloadAssembly
Native extension for WindowsStandalone target not found
Native extension for WebGL target not found
Refreshing native plugins compatible for Editor in 0.93 ms, found 0 plugins.
Preloading 0 native plugins for Editor in 0.00 ms.
Mono: successfully reloaded assembly
- Completed reload, in  2.933 seconds
Platform modules already initialized, skipping
Refreshing native plugins compatible for Editor in 0.28 ms, found 0 plugins.
Preloading 0 native plugins for Editor in 0.00 ms.
Unloading 1115 Unused Serialized files (Serialized files now loaded: 0)
System memory in use before: 57.5 MB.
System memory in use after: 57.6 MB.

Unloading 5 unused Assets to reduce memory usage. Loaded Objects now: 1680.
Total: 2.459700 ms (FindLiveObjects: 0.180000 ms CreateObjectMapping: 0.098400 ms MarkObjects: 2.114600 ms  DeleteObjects: 0.065300 ms)

========================================================================
Received Prepare
Registering precompiled user dll's ...
Registered in 0.000665 seconds.
Begin MonoManager ReloadAssembly
Native extension for WindowsStandalone target not found
Native extension for WebGL target not found
Refreshing native plugins compatible for Editor in 0.53 ms, found 0 plugins.
Preloading 0 native plugins for Editor in 0.00 ms.
Mono: successfully reloaded assembly
- Completed reload, in  1.942 seconds
Platform modules already initialized, skipping
Refreshing native plugins compatible for Editor in 0.37 ms, found 0 plugins.
Preloading 0 native plugins for Editor in 0.00 ms.
Unloading 1115 Unused Serialized files (Serialized files now loaded: 0)
System memory in use before: 57.5 MB.
System memory in use after: 57.6 MB.

Unloading 5 unused Assets to reduce memory usage. Loaded Objects now: 1683.
Total: 4.443300 ms (FindLiveObjects: 0.310900 ms CreateObjectMapping: 0.071800 ms MarkObjects: 3.965000 ms  DeleteObjects: 0.092100 ms)

========================================================================
Received Prepare
Registering precompiled user dll's ...
Registered in 0.000950 seconds.
Begin MonoManager ReloadAssembly
Native extension for WindowsStandalone target not found
Native extension for WebGL target not found
Refreshing native plugins compatible for Editor in 0.33 ms, found 0 plugins.
Preloading 0 native plugins for Editor in 0.00 ms.
Mono: successfully reloaded assembly
- Completed reload, in  2.831 seconds
Platform modules already initialized, skipping
Refreshing native plugins compatible for Editor in 0.25 ms, found 0 plugins.
Preloading 0 native plugins for Editor in 0.00 ms.
Unloading 1115 Unused Serialized files (Serialized files now loaded: 0)
System memory in use before: 57.5 MB.
System memory in use after: 57.6 MB.

Unloading 5 unused Assets to reduce memory usage. Loaded Objects now: 1686.
Total: 5.948900 ms (FindLiveObjects: 0.445800 ms CreateObjectMapping: 0.177300 ms MarkObjects: 5.173900 ms  DeleteObjects: 0.146000 ms)

AssetImportWorkerClient::OnTransportError - code=2 error=End of file
