Using pre-set license
Built from '2020.3/release' branch; Version is '2020.3.7f1 (dd97f2c94397) revision 14522354'; Using compiler version '192528614'; Build Type 'Release'
OS: 'Windows 10 Home; OS build 19042.1110; Version 2009; 64bit' Language: 'uk' Physical Memory: 8053 MB
BatchMode: 1, IsHumanControllingUs: 0, StartBugReporterOnCrash: 0, Is64bit: 1, IsPro: 0

 COMMAND LINE ARGUMENTS:
C:\Program Files\Unity\Hub\Editor\2020.3.7f1\Editor\Unity.exe
-adb2
-batchMode
-noUpm
-name
AssetImportWorker0
-projectPath
D:/Uniti/Crosses and zeros
-logFile
Logs/AssetImportWorker0.log
-srvPort
59930
Successfully changed project path to: D:/Uniti/Crosses and zeros
D:/Uniti/Crosses and zeros
Using Asset Import Pipeline V2.
Refreshing native plugins compatible for Editor in 44.24 ms, found 0 plugins.
Preloading 0 native plugins for Editor in 0.00 ms.
Initialize engine version: 2020.3.7f1 (dd97f2c94397)
[Subsystems] Discovering subsystems at path C:/Program Files/Unity/Hub/Editor/2020.3.7f1/Editor/Data/Resources/UnitySubsystems
[Subsystems] Discovering subsystems at path D:/Uniti/Crosses and zeros/Assets
GfxDevice: creating device client; threaded=0
Direct3D:
    Version:  Direct3D 11.0 [level 11.1]
    Renderer: Intel(R) HD Graphics 520 (ID=0x1916)
    Vendor:   
    VRAM:     4026 MB
    Driver:   27.20.100.8681
Initialize mono
Mono path[0] = 'C:/Program Files/Unity/Hub/Editor/2020.3.7f1/Editor/Data/Managed'
Mono path[1] = 'C:/Program Files/Unity/Hub/Editor/2020.3.7f1/Editor/Data/MonoBleedingEdge/lib/mono/unityjit'
Mono config path = 'C:/Program Files/Unity/Hub/Editor/2020.3.7f1/Editor/Data/MonoBleedingEdge/etc'
Using monoOptions --debugger-agent=transport=dt_socket,embedding=1,server=y,suspend=n,address=127.0.0.1:56244
Begin MonoManager ReloadAssembly
Registering precompiled unity dll's ...
Register platform support module: C:/Program Files/Unity/Hub/Editor/2020.3.7f1/Editor/Data/PlaybackEngines/WebGLSupport/UnityEditor.WebGL.Extensions.dll
Register platform support module: C:/Program Files/Unity/Hub/Editor/2020.3.7f1/Editor/Data/PlaybackEngines/WindowsStandaloneSupport/UnityEditor.WindowsStandalone.Extensions.dll
Registered in 0.005445 seconds.
Native extension for WindowsStandalone target not found
Native extension for WebGL target not found
Refreshing native plugins compatible for Editor in 2370.64 ms, found 0 plugins.
Preloading 0 native plugins for Editor in 0.00 ms.
Mono: successfully reloaded assembly
- Completed reload, in  7.595 seconds
Platform modules already initialized, skipping
Registering precompiled user dll's ...
Registered in 0.000910 seconds.
Begin MonoManager ReloadAssembly
Native extension for WindowsStandalone target not found
Native extension for WebGL target not found
Refreshing native plugins compatible for Editor in 1.36 ms, found 0 plugins.
Preloading 0 native plugins for Editor in 0.00 ms.
Mono: successfully reloaded assembly
- Completed reload, in  2.688 seconds
Platform modules already initialized, skipping
========================================================================
Worker process is ready to serve import requests
Launched and connected shader compiler UnityShaderCompiler.exe after 0.10 seconds
Refreshing native plugins compatible for Editor in 0.23 ms, found 0 plugins.
Preloading 0 native plugins for Editor in 0.00 ms.
Unloading 1120 Unused Serialized files (Serialized files now loaded: 0)
System memory in use before: 57.4 MB.
System memory in use after: 57.4 MB.

Unloading 10 unused Assets to reduce memory usage. Loaded Objects now: 1563.
Total: 3.151400 ms (FindLiveObjects: 0.221200 ms CreateObjectMapping: 0.085800 ms MarkObjects: 2.688600 ms  DeleteObjects: 0.153700 ms)

========================================================================
Received Import Request.
  path: Assets/Scripts/ComputerSide.cs
  artifactKey: Guid(3eb7e7e07167c51468cc5dc7a84036c5) Importer(815301076,1909f56bfc062723c751e8b465ee728b)
Start importing Assets/Scripts/ComputerSide.cs using Guid(3eb7e7e07167c51468cc5dc7a84036c5) Importer(815301076,1909f56bfc062723c751e8b465ee728b)  -> (artifact id: '081d9905dbf28cd43c7a4803e2d1a5f1') in 0.175543 seconds
  Import took 0.180399 seconds .

========================================================================
Received Prepare
Registering precompiled user dll's ...
Registered in 0.001231 seconds.
Begin MonoManager ReloadAssembly
Native extension for WindowsStandalone target not found
Native extension for WebGL target not found
Refreshing native plugins compatible for Editor in 0.32 ms, found 0 plugins.
Preloading 0 native plugins for Editor in 0.00 ms.
Mono: successfully reloaded assembly
- Completed reload, in 10.436 seconds
Platform modules already initialized, skipping
Refreshing native plugins compatible for Editor in 0.72 ms, found 0 plugins.
Preloading 0 native plugins for Editor in 0.00 ms.
Unloading 1115 Unused Serialized files (Serialized files now loaded: 0)
System memory in use before: 57.3 MB.
System memory in use after: 57.4 MB.

Unloading 5 unused Assets to reduce memory usage. Loaded Objects now: 1566.
Total: 8.204000 ms (FindLiveObjects: 0.418100 ms CreateObjectMapping: 0.073700 ms MarkObjects: 7.136200 ms  DeleteObjects: 0.570600 ms)

========================================================================
Received Import Request.
  Time since last request: 353.392548 seconds.
  path: Assets/Scripts/ComputerSide.cs
  artifactKey: Guid(3eb7e7e07167c51468cc5dc7a84036c5) Importer(815301076,1909f56bfc062723c751e8b465ee728b)
Start importing Assets/Scripts/ComputerSide.cs using Guid(3eb7e7e07167c51468cc5dc7a84036c5) Importer(815301076,1909f56bfc062723c751e8b465ee728b)  -> (artifact id: '759aedcac24279de7bfdd4bad9b73b3a') in 0.089758 seconds
  Import took 0.100260 seconds .

========================================================================
Received Prepare
Registering precompiled user dll's ...
Registered in 0.000822 seconds.
Begin MonoManager ReloadAssembly
Native extension for WindowsStandalone target not found
Native extension for WebGL target not found
Refreshing native plugins compatible for Editor in 0.36 ms, found 0 plugins.
Preloading 0 native plugins for Editor in 0.00 ms.
Mono: successfully reloaded assembly
- Completed reload, in  1.954 seconds
Platform modules already initialized, skipping
Refreshing native plugins compatible for Editor in 0.23 ms, found 0 plugins.
Preloading 0 native plugins for Editor in 0.00 ms.
Unloading 1115 Unused Serialized files (Serialized files now loaded: 0)
System memory in use before: 57.3 MB.
System memory in use after: 57.4 MB.

Unloading 5 unused Assets to reduce memory usage. Loaded Objects now: 1569.
Total: 5.111200 ms (FindLiveObjects: 0.238600 ms CreateObjectMapping: 0.076500 ms MarkObjects: 4.687500 ms  DeleteObjects: 0.105000 ms)

========================================================================
Received Import Request.
  Time since last request: 181.153555 seconds.
  path: Assets/Scripts/ComputerSide.cs
  artifactKey: Guid(3eb7e7e07167c51468cc5dc7a84036c5) Importer(815301076,1909f56bfc062723c751e8b465ee728b)
Start importing Assets/Scripts/ComputerSide.cs using Guid(3eb7e7e07167c51468cc5dc7a84036c5) Importer(815301076,1909f56bfc062723c751e8b465ee728b)  -> (artifact id: 'f3906ca613ad34a5f2e9d795780ae4d5') in 0.037348 seconds
  Import took 0.043283 seconds .

========================================================================
Received Prepare
Registering precompiled user dll's ...
Registered in 0.000905 seconds.
Begin MonoManager ReloadAssembly
Native extension for WindowsStandalone target not found
Native extension for WebGL target not found
Refreshing native plugins compatible for Editor in 0.38 ms, found 0 plugins.
Preloading 0 native plugins for Editor in 0.00 ms.
Mono: successfully reloaded assembly
- Completed reload, in  1.938 seconds
Platform modules already initialized, skipping
Refreshing native plugins compatible for Editor in 0.28 ms, found 0 plugins.
Preloading 0 native plugins for Editor in 0.00 ms.
Unloading 1115 Unused Serialized files (Serialized files now loaded: 0)
System memory in use before: 57.3 MB.
System memory in use after: 57.4 MB.

Unloading 5 unused Assets to reduce memory usage. Loaded Objects now: 1572.
Total: 2.145800 ms (FindLiveObjects: 0.224900 ms CreateObjectMapping: 0.073000 ms MarkObjects: 1.780600 ms  DeleteObjects: 0.065600 ms)

========================================================================
Received Import Request.
  Time since last request: 127.373259 seconds.
  path: Assets/Scripts/ComputerSide.cs
  artifactKey: Guid(3eb7e7e07167c51468cc5dc7a84036c5) Importer(815301076,1909f56bfc062723c751e8b465ee728b)
Start importing Assets/Scripts/ComputerSide.cs using Guid(3eb7e7e07167c51468cc5dc7a84036c5) Importer(815301076,1909f56bfc062723c751e8b465ee728b)  -> (artifact id: '4f14c09e4e468395fd7563df382a7718') in 0.022289 seconds
  Import took 0.026716 seconds .

========================================================================
Received Import Request.
  Time since last request: 2.703588 seconds.
  path: Assets/Scripts/ComputerSide.cs
  artifactKey: Guid(3eb7e7e07167c51468cc5dc7a84036c5) Importer(815301076,1909f56bfc062723c751e8b465ee728b)
Start importing Assets/Scripts/ComputerSide.cs using Guid(3eb7e7e07167c51468cc5dc7a84036c5) Importer(815301076,1909f56bfc062723c751e8b465ee728b)  -> (artifact id: '4f14c09e4e468395fd7563df382a7718') in 0.015364 seconds
  Import took 0.018836 seconds .

========================================================================
Received Prepare
Registering precompiled user dll's ...
Registered in 0.001002 seconds.
Begin MonoManager ReloadAssembly
Native extension for WindowsStandalone target not found
Native extension for WebGL target not found
Refreshing native plugins compatible for Editor in 0.36 ms, found 0 plugins.
Preloading 0 native plugins for Editor in 0.00 ms.
Mono: successfully reloaded assembly
- Completed reload, in  2.533 seconds
Platform modules already initialized, skipping
Refreshing native plugins compatible for Editor in 0.23 ms, found 0 plugins.
Preloading 0 native plugins for Editor in 0.00 ms.
Unloading 1115 Unused Serialized files (Serialized files now loaded: 0)
System memory in use before: 57.3 MB.
System memory in use after: 57.4 MB.

Unloading 5 unused Assets to reduce memory usage. Loaded Objects now: 1575.
Total: 3.822200 ms (FindLiveObjects: 0.731300 ms CreateObjectMapping: 0.308900 ms MarkObjects: 2.672600 ms  DeleteObjects: 0.096500 ms)

========================================================================
Received Import Request.
  Time since last request: 72.955046 seconds.
  path: Assets/Scripts/ComputerSide.cs
  artifactKey: Guid(3eb7e7e07167c51468cc5dc7a84036c5) Importer(815301076,1909f56bfc062723c751e8b465ee728b)
Start importing Assets/Scripts/ComputerSide.cs using Guid(3eb7e7e07167c51468cc5dc7a84036c5) Importer(815301076,1909f56bfc062723c751e8b465ee728b)  -> (artifact id: '20229d15eddd94b339c7e2661da857d8') in 0.015716 seconds
  Import took 0.019849 seconds .

========================================================================
Received Import Request.
  Time since last request: 2.573060 seconds.
  path: Assets/Scripts/ComputerSide.cs
  artifactKey: Guid(3eb7e7e07167c51468cc5dc7a84036c5) Importer(815301076,1909f56bfc062723c751e8b465ee728b)
Start importing Assets/Scripts/ComputerSide.cs using Guid(3eb7e7e07167c51468cc5dc7a84036c5) Importer(815301076,1909f56bfc062723c751e8b465ee728b)  -> (artifact id: '20229d15eddd94b339c7e2661da857d8') in 0.020950 seconds
  Import took 0.023808 seconds .

========================================================================
Received Prepare
Registering precompiled user dll's ...
Registered in 0.001142 seconds.
Begin MonoManager ReloadAssembly
Native extension for WindowsStandalone target not found
Native extension for WebGL target not found
Refreshing native plugins compatible for Editor in 0.35 ms, found 0 plugins.
Preloading 0 native plugins for Editor in 0.00 ms.
Mono: successfully reloaded assembly
- Completed reload, in  1.732 seconds
Platform modules already initialized, skipping
Refreshing native plugins compatible for Editor in 0.22 ms, found 0 plugins.
Preloading 0 native plugins for Editor in 0.00 ms.
Unloading 1115 Unused Serialized files (Serialized files now loaded: 0)
System memory in use before: 57.4 MB.
System memory in use after: 57.4 MB.

Unloading 5 unused Assets to reduce memory usage. Loaded Objects now: 1578.
Total: 4.688700 ms (FindLiveObjects: 1.130300 ms CreateObjectMapping: 0.099000 ms MarkObjects: 3.341900 ms  DeleteObjects: 0.105600 ms)

